{"/home/jochydev/proyectos_de_estudio/API-parking/src/config/db.config.js": {"path":"/home/jochydev/proyectos_de_estudio/API-parking/src/config/db.config.js","statementMap":{"0":{"start":{"line":1,"column":22},"end":{"line":23,"column":1}}},"fnMap":{},"branchMap":{},"s":{"0":3},"f":{},"b":{},"inputSourceMap":null,"_coverageSchema":"1a1c01bbd47fc00a2c39e90264f33305004495a9","hash":"410bc2acc2d7feb5e50a44065d819a38c625677b"}
,"/home/jochydev/proyectos_de_estudio/API-parking/src/config/mongodb.config.js": {"path":"/home/jochydev/proyectos_de_estudio/API-parking/src/config/mongodb.config.js","statementMap":{"0":{"start":{"line":3,"column":32},"end":{"line":12,"column":1}},"1":{"start":{"line":4,"column":4},"end":{"line":11,"column":5}},"2":{"start":{"line":5,"column":8},"end":{"line":5,"column":92}},"3":{"start":{"line":6,"column":8},"end":{"line":6,"column":46}},"4":{"start":{"line":9,"column":8},"end":{"line":9,"column":27}},"5":{"start":{"line":10,"column":8},"end":{"line":10,"column":62}}},"fnMap":{"0":{"name":"(anonymous_0)","decl":{"start":{"line":3,"column":32},"end":{"line":3,"column":33}},"loc":{"start":{"line":3,"column":43},"end":{"line":12,"column":1}},"line":3}},"branchMap":{"0":{"loc":{"start":{"line":5,"column":22},"end":{"line":5,"column":90}},"type":"binary-expr","locations":[{"start":{"line":5,"column":22},"end":{"line":5,"column":45}},{"start":{"line":5,"column":49},"end":{"line":5,"column":90}}],"line":5}},"s":{"0":3,"1":3,"2":3,"3":3,"4":0,"5":0},"f":{"0":3},"b":{"0":[3,0]},"inputSourceMap":null,"_coverageSchema":"1a1c01bbd47fc00a2c39e90264f33305004495a9","hash":"3326969cf39b4fad536727a8eb0ebca1e0f2b9ab"}
,"/home/jochydev/proyectos_de_estudio/API-parking/src/controllers/auth.controller.js": {"path":"/home/jochydev/proyectos_de_estudio/API-parking/src/controllers/auth.controller.js","statementMap":{"0":{"start":{"line":6,"column":16},"end":{"line":6,"column":18}},"1":{"start":{"line":8,"column":21},"end":{"line":38,"column":1}},"2":{"start":{"line":10,"column":32},"end":{"line":10,"column":40}},"3":{"start":{"line":12,"column":4},"end":{"line":37,"column":5}},"4":{"start":{"line":15,"column":21},"end":{"line":17,"column":10}},"5":{"start":{"line":19,"column":8},"end":{"line":21,"column":9}},"6":{"start":{"line":20,"column":12},"end":{"line":20,"column":59}},"7":{"start":{"line":23,"column":30},"end":{"line":23,"column":75}},"8":{"start":{"line":26,"column":8},"end":{"line":28,"column":9}},"9":{"start":{"line":27,"column":12},"end":{"line":27,"column":56}},"10":{"start":{"line":31,"column":22},"end":{"line":31,"column":50}},"11":{"start":{"line":33,"column":8},"end":{"line":33,"column":41}},"12":{"start":{"line":36,"column":8},"end":{"line":36,"column":29}}},"fnMap":{"0":{"name":"(anonymous_0)","decl":{"start":{"line":8,"column":21},"end":{"line":8,"column":22}},"loc":{"start":{"line":8,"column":41},"end":{"line":38,"column":1}},"line":8}},"branchMap":{"0":{"loc":{"start":{"line":19,"column":8},"end":{"line":21,"column":9}},"type":"if","locations":[{"start":{"line":19,"column":8},"end":{"line":21,"column":9}},{"start":{},"end":{}}],"line":19},"1":{"loc":{"start":{"line":26,"column":8},"end":{"line":28,"column":9}},"type":"if","locations":[{"start":{"line":26,"column":8},"end":{"line":28,"column":9}},{"start":{},"end":{}}],"line":26}},"s":{"0":3,"1":3,"2":0,"3":0,"4":0,"5":0,"6":0,"7":0,"8":0,"9":0,"10":0,"11":0,"12":0},"f":{"0":0},"b":{"0":[0,0],"1":[0,0]},"inputSourceMap":null,"_coverageSchema":"1a1c01bbd47fc00a2c39e90264f33305004495a9","hash":"62e16c49f00bd3cdcaf5af5f89bb5e7a92ee2f34"}
,"/home/jochydev/proyectos_de_estudio/API-parking/src/controllers/index.js": {"path":"/home/jochydev/proyectos_de_estudio/API-parking/src/controllers/index.js","statementMap":{},"fnMap":{},"branchMap":{},"s":{},"f":{},"b":{},"inputSourceMap":null,"_coverageSchema":"1a1c01bbd47fc00a2c39e90264f33305004495a9","hash":"deee561c5f7565c2b067abe670782f09e1ef9c51"}
,"/home/jochydev/proyectos_de_estudio/API-parking/src/controllers/log.controller.js": {"path":"/home/jochydev/proyectos_de_estudio/API-parking/src/controllers/log.controller.js","statementMap":{"0":{"start":{"line":4,"column":31},"end":{"line":21,"column":1}},"1":{"start":{"line":6,"column":39},"end":{"line":6,"column":48}},"2":{"start":{"line":8,"column":4},"end":{"line":18,"column":5}},"3":{"start":{"line":9,"column":30},"end":{"line":14,"column":10}},"4":{"start":{"line":15,"column":8},"end":{"line":15,"column":43}},"5":{"start":{"line":17,"column":8},"end":{"line":17,"column":29}}},"fnMap":{"0":{"name":"(anonymous_0)","decl":{"start":{"line":4,"column":31},"end":{"line":4,"column":32}},"loc":{"start":{"line":4,"column":51},"end":{"line":21,"column":1}},"line":4}},"branchMap":{"0":{"loc":{"start":{"line":6,"column":12},"end":{"line":6,"column":22}},"type":"default-arg","locations":[{"start":{"line":6,"column":20},"end":{"line":6,"column":22}}],"line":6},"1":{"loc":{"start":{"line":6,"column":24},"end":{"line":6,"column":34}},"type":"default-arg","locations":[{"start":{"line":6,"column":33},"end":{"line":6,"column":34}}],"line":6}},"s":{"0":3,"1":2,"2":2,"3":2,"4":1,"5":1},"f":{"0":2},"b":{"0":[2],"1":[1]},"inputSourceMap":null,"_coverageSchema":"1a1c01bbd47fc00a2c39e90264f33305004495a9","hash":"7d132d6b9dc044ba80fa9f4c64aa27581dbfa2a3"}
,"/home/jochydev/proyectos_de_estudio/API-parking/src/controllers/reservation.controller.js": {"path":"/home/jochydev/proyectos_de_estudio/API-parking/src/controllers/reservation.controller.js","statementMap":{"0":{"start":{"line":5,"column":30},"end":{"line":5,"column":32}},"1":{"start":{"line":7,"column":33},"end":{"line":73,"column":1}},"2":{"start":{"line":9,"column":25},"end":{"line":9,"column":33}},"3":{"start":{"line":10,"column":51},"end":{"line":10,"column":59}},"4":{"start":{"line":12,"column":2},"end":{"line":14,"column":3}},"5":{"start":{"line":13,"column":4},"end":{"line":13,"column":66}},"6":{"start":{"line":16,"column":2},"end":{"line":18,"column":3}},"7":{"start":{"line":17,"column":4},"end":{"line":17,"column":80}},"8":{"start":{"line":21,"column":21},"end":{"line":21,"column":39}},"9":{"start":{"line":22,"column":15},"end":{"line":22,"column":19}},"10":{"start":{"line":24,"column":2},"end":{"line":53,"column":3}},"11":{"start":{"line":24,"column":14},"end":{"line":24,"column":15}},"12":{"start":{"line":25,"column":19},"end":{"line":27,"column":8}},"13":{"start":{"line":29,"column":6},"end":{"line":29,"column":23}},"14":{"start":{"line":31,"column":37},"end":{"line":45,"column":8}},"15":{"start":{"line":47,"column":6},"end":{"line":50,"column":7}},"16":{"start":{"line":48,"column":8},"end":{"line":48,"column":22}},"17":{"start":{"line":49,"column":8},"end":{"line":49,"column":17}},"18":{"start":{"line":52,"column":6},"end":{"line":52,"column":12}},"19":{"start":{"line":55,"column":2},"end":{"line":57,"column":3}},"20":{"start":{"line":56,"column":6},"end":{"line":56,"column":90}},"21":{"start":{"line":59,"column":2},"end":{"line":72,"column":5}},"22":{"start":{"line":60,"column":26},"end":{"line":66,"column":8}},"23":{"start":{"line":68,"column":6},"end":{"line":68,"column":49}},"24":{"start":{"line":69,"column":6},"end":{"line":69,"column":38}},"25":{"start":{"line":71,"column":8},"end":{"line":71,"column":29}},"26":{"start":{"line":75,"column":26},"end":{"line":114,"column":1}},"27":{"start":{"line":77,"column":23},"end":{"line":77,"column":31}},"28":{"start":{"line":78,"column":25},"end":{"line":78,"column":35}},"29":{"start":{"line":81,"column":20},"end":{"line":90,"column":3}},"30":{"start":{"line":93,"column":2},"end":{"line":95,"column":3}},"31":{"start":{"line":94,"column":4},"end":{"line":94,"column":50}},"32":{"start":{"line":96,"column":22},"end":{"line":96,"column":52}},"33":{"start":{"line":98,"column":2},"end":{"line":100,"column":3}},"34":{"start":{"line":99,"column":4},"end":{"line":99,"column":63}},"35":{"start":{"line":103,"column":26},"end":{"line":103,"column":43}},"36":{"start":{"line":105,"column":2},"end":{"line":105,"column":30}},"37":{"start":{"line":107,"column":2},"end":{"line":113,"column":3}},"38":{"start":{"line":108,"column":4},"end":{"line":108,"column":29}},"39":{"start":{"line":109,"column":4},"end":{"line":109,"column":29}},"40":{"start":{"line":110,"column":4},"end":{"line":110,"column":72}},"41":{"start":{"line":112,"column":4},"end":{"line":112,"column":25}},"42":{"start":{"line":116,"column":33},"end":{"line":142,"column":1}},"43":{"start":{"line":118,"column":25},"end":{"line":118,"column":33}},"44":{"start":{"line":119,"column":17},"end":{"line":119,"column":27}},"45":{"start":{"line":121,"column":22},"end":{"line":121,"column":52}},"46":{"start":{"line":123,"column":2},"end":{"line":125,"column":3}},"47":{"start":{"line":124,"column":4},"end":{"line":124,"column":63}},"48":{"start":{"line":127,"column":2},"end":{"line":129,"column":3}},"49":{"start":{"line":128,"column":4},"end":{"line":128,"column":89}},"50":{"start":{"line":131,"column":2},"end":{"line":131,"column":33}},"51":{"start":{"line":133,"column":2},"end":{"line":141,"column":3}},"52":{"start":{"line":135,"column":4},"end":{"line":135,"column":28}},"53":{"start":{"line":136,"column":4},"end":{"line":136,"column":48}},"54":{"start":{"line":137,"column":4},"end":{"line":137,"column":64}},"55":{"start":{"line":140,"column":4},"end":{"line":140,"column":25}},"56":{"start":{"line":144,"column":35},"end":{"line":177,"column":1}},"57":{"start":{"line":146,"column":21},"end":{"line":146,"column":39}},"58":{"start":{"line":148,"column":2},"end":{"line":175,"column":3}},"59":{"start":{"line":149,"column":25},"end":{"line":163,"column":6}},"60":{"start":{"line":165,"column":29},"end":{"line":170,"column":5}},"61":{"start":{"line":172,"column":4},"end":{"line":172,"column":40}},"62":{"start":{"line":174,"column":4},"end":{"line":174,"column":25}}},"fnMap":{"0":{"name":"(anonymous_0)","decl":{"start":{"line":7,"column":33},"end":{"line":7,"column":34}},"loc":{"start":{"line":7,"column":53},"end":{"line":73,"column":1}},"line":7},"1":{"name":"(anonymous_1)","decl":{"start":{"line":75,"column":26},"end":{"line":75,"column":27}},"loc":{"start":{"line":75,"column":46},"end":{"line":114,"column":1}},"line":75},"2":{"name":"(anonymous_2)","decl":{"start":{"line":116,"column":33},"end":{"line":116,"column":34}},"loc":{"start":{"line":116,"column":55},"end":{"line":142,"column":1}},"line":116},"3":{"name":"(anonymous_3)","decl":{"start":{"line":144,"column":35},"end":{"line":144,"column":36}},"loc":{"start":{"line":144,"column":57},"end":{"line":177,"column":1}},"line":144}},"branchMap":{"0":{"loc":{"start":{"line":12,"column":2},"end":{"line":14,"column":3}},"type":"if","locations":[{"start":{"line":12,"column":2},"end":{"line":14,"column":3}},{"start":{},"end":{}}],"line":12},"1":{"loc":{"start":{"line":16,"column":2},"end":{"line":18,"column":3}},"type":"if","locations":[{"start":{"line":16,"column":2},"end":{"line":18,"column":3}},{"start":{},"end":{}}],"line":16},"2":{"loc":{"start":{"line":47,"column":6},"end":{"line":50,"column":7}},"type":"if","locations":[{"start":{"line":47,"column":6},"end":{"line":50,"column":7}},{"start":{},"end":{}}],"line":47},"3":{"loc":{"start":{"line":55,"column":2},"end":{"line":57,"column":3}},"type":"if","locations":[{"start":{"line":55,"column":2},"end":{"line":57,"column":3}},{"start":{},"end":{}}],"line":55},"4":{"loc":{"start":{"line":93,"column":2},"end":{"line":95,"column":3}},"type":"if","locations":[{"start":{"line":93,"column":2},"end":{"line":95,"column":3}},{"start":{},"end":{}}],"line":93},"5":{"loc":{"start":{"line":98,"column":2},"end":{"line":100,"column":3}},"type":"if","locations":[{"start":{"line":98,"column":2},"end":{"line":100,"column":3}},{"start":{},"end":{}}],"line":98},"6":{"loc":{"start":{"line":123,"column":2},"end":{"line":125,"column":3}},"type":"if","locations":[{"start":{"line":123,"column":2},"end":{"line":125,"column":3}},{"start":{},"end":{}}],"line":123},"7":{"loc":{"start":{"line":127,"column":2},"end":{"line":129,"column":3}},"type":"if","locations":[{"start":{"line":127,"column":2},"end":{"line":129,"column":3}},{"start":{},"end":{}}],"line":127}},"s":{"0":3,"1":3,"2":4,"3":4,"4":4,"5":1,"6":3,"7":1,"8":2,"9":2,"10":2,"11":2,"12":6,"13":6,"14":6,"15":6,"16":5,"17":5,"18":1,"19":2,"20":1,"21":1,"22":1,"23":1,"24":1,"25":0,"26":3,"27":0,"28":0,"29":0,"30":0,"31":0,"32":0,"33":0,"34":0,"35":0,"36":0,"37":0,"38":0,"39":0,"40":0,"41":0,"42":3,"43":0,"44":0,"45":0,"46":0,"47":0,"48":0,"49":0,"50":0,"51":0,"52":0,"53":0,"54":0,"55":0,"56":3,"57":1,"58":1,"59":1,"60":1,"61":1,"62":0},"f":{"0":4,"1":0,"2":0,"3":1},"b":{"0":[1,3],"1":[1,2],"2":[5,1],"3":[1,1],"4":[0,0],"5":[0,0],"6":[0,0],"7":[0,0]},"inputSourceMap":null,"_coverageSchema":"1a1c01bbd47fc00a2c39e90264f33305004495a9","hash":"72306a386488aac0fbe87b67015debc5e073332a"}
,"/home/jochydev/proyectos_de_estudio/API-parking/src/controllers/user.controller.js": {"path":"/home/jochydev/proyectos_de_estudio/API-parking/src/controllers/user.controller.js","statementMap":{"0":{"start":{"line":5,"column":16},"end":{"line":5,"column":18}},"1":{"start":{"line":7,"column":24},"end":{"line":22,"column":1}},"2":{"start":{"line":9,"column":38},"end":{"line":9,"column":47}},"3":{"start":{"line":11,"column":4},"end":{"line":21,"column":5}},"4":{"start":{"line":12,"column":21},"end":{"line":17,"column":9}},"5":{"start":{"line":18,"column":8},"end":{"line":18,"column":32}},"6":{"start":{"line":20,"column":8},"end":{"line":20,"column":29}},"7":{"start":{"line":24,"column":26},"end":{"line":46,"column":1}},"8":{"start":{"line":26,"column":45},"end":{"line":26,"column":53}},"9":{"start":{"line":29,"column":17},"end":{"line":29,"column":41}},"10":{"start":{"line":30,"column":17},"end":{"line":30,"column":50}},"11":{"start":{"line":32,"column":21},"end":{"line":37,"column":5}},"12":{"start":{"line":39,"column":4},"end":{"line":44,"column":5}},"13":{"start":{"line":40,"column":21},"end":{"line":40,"column":48}},"14":{"start":{"line":41,"column":8},"end":{"line":41,"column":31}},"15":{"start":{"line":43,"column":8},"end":{"line":43,"column":28}},"16":{"start":{"line":48,"column":26},"end":{"line":65,"column":1}},"17":{"start":{"line":50,"column":19},"end":{"line":50,"column":29}},"18":{"start":{"line":52,"column":43},"end":{"line":52,"column":51}},"19":{"start":{"line":54,"column":4},"end":{"line":63,"column":5}},"20":{"start":{"line":55,"column":8},"end":{"line":57,"column":10}},"21":{"start":{"line":58,"column":28},"end":{"line":58,"column":51}},"22":{"start":{"line":59,"column":8},"end":{"line":59,"column":39}},"23":{"start":{"line":62,"column":8},"end":{"line":62,"column":67}},"24":{"start":{"line":67,"column":26},"end":{"line":82,"column":1}},"25":{"start":{"line":69,"column":19},"end":{"line":69,"column":29}},"26":{"start":{"line":72,"column":4},"end":{"line":81,"column":5}},"27":{"start":{"line":73,"column":20},"end":{"line":73,"column":55}},"28":{"start":{"line":74,"column":8},"end":{"line":78,"column":9}},"29":{"start":{"line":75,"column":12},"end":{"line":75,"column":64}},"30":{"start":{"line":77,"column":12},"end":{"line":77,"column":113}},"31":{"start":{"line":80,"column":8},"end":{"line":80,"column":67}}},"fnMap":{"0":{"name":"(anonymous_0)","decl":{"start":{"line":7,"column":24},"end":{"line":7,"column":25}},"loc":{"start":{"line":7,"column":44},"end":{"line":22,"column":1}},"line":7},"1":{"name":"(anonymous_1)","decl":{"start":{"line":24,"column":26},"end":{"line":24,"column":27}},"loc":{"start":{"line":24,"column":45},"end":{"line":46,"column":1}},"line":24},"2":{"name":"(anonymous_2)","decl":{"start":{"line":48,"column":26},"end":{"line":48,"column":27}},"loc":{"start":{"line":48,"column":48},"end":{"line":65,"column":1}},"line":48},"3":{"name":"(anonymous_3)","decl":{"start":{"line":67,"column":26},"end":{"line":67,"column":27}},"loc":{"start":{"line":67,"column":48},"end":{"line":82,"column":1}},"line":67}},"branchMap":{"0":{"loc":{"start":{"line":9,"column":12},"end":{"line":9,"column":21}},"type":"default-arg","locations":[{"start":{"line":9,"column":20},"end":{"line":9,"column":21}}],"line":9},"1":{"loc":{"start":{"line":9,"column":23},"end":{"line":9,"column":33}},"type":"default-arg","locations":[{"start":{"line":9,"column":32},"end":{"line":9,"column":33}}],"line":9},"2":{"loc":{"start":{"line":74,"column":8},"end":{"line":78,"column":9}},"type":"if","locations":[{"start":{"line":74,"column":8},"end":{"line":78,"column":9}},{"start":{"line":76,"column":15},"end":{"line":78,"column":9}}],"line":74}},"s":{"0":3,"1":3,"2":0,"3":0,"4":0,"5":0,"6":0,"7":3,"8":0,"9":0,"10":0,"11":0,"12":0,"13":0,"14":0,"15":0,"16":3,"17":1,"18":1,"19":1,"20":1,"21":1,"22":1,"23":0,"24":3,"25":0,"26":0,"27":0,"28":0,"29":0,"30":0,"31":0},"f":{"0":0,"1":0,"2":1,"3":0},"b":{"0":[0],"1":[0],"2":[0,0]},"inputSourceMap":null,"_coverageSchema":"1a1c01bbd47fc00a2c39e90264f33305004495a9","hash":"199f772f48b10af8003c0ee9d3995751a5516f2b"}
,"/home/jochydev/proyectos_de_estudio/API-parking/src/helpers/db-validators.js": {"path":"/home/jochydev/proyectos_de_estudio/API-parking/src/helpers/db-validators.js","statementMap":{"0":{"start":{"line":2,"column":17},"end":{"line":2,"column":19}},"1":{"start":{"line":4,"column":26},"end":{"line":14,"column":1}},"2":{"start":{"line":7,"column":22},"end":{"line":9,"column":6}},"3":{"start":{"line":11,"column":4},"end":{"line":13,"column":5}},"4":{"start":{"line":12,"column":7},"end":{"line":12,"column":68}},"5":{"start":{"line":16,"column":31},"end":{"line":24,"column":1}},"6":{"start":{"line":18,"column":17},"end":{"line":18,"column":40}},"7":{"start":{"line":20,"column":4},"end":{"line":22,"column":5}},"8":{"start":{"line":21,"column":8},"end":{"line":21,"column":62}}},"fnMap":{"0":{"name":"(anonymous_0)","decl":{"start":{"line":4,"column":26},"end":{"line":4,"column":27}},"loc":{"start":{"line":4,"column":47},"end":{"line":14,"column":1}},"line":4},"1":{"name":"(anonymous_1)","decl":{"start":{"line":16,"column":31},"end":{"line":16,"column":32}},"loc":{"start":{"line":16,"column":49},"end":{"line":24,"column":1}},"line":16}},"branchMap":{"0":{"loc":{"start":{"line":4,"column":32},"end":{"line":4,"column":42}},"type":"default-arg","locations":[{"start":{"line":4,"column":40},"end":{"line":4,"column":42}}],"line":4},"1":{"loc":{"start":{"line":11,"column":4},"end":{"line":13,"column":5}},"type":"if","locations":[{"start":{"line":11,"column":4},"end":{"line":13,"column":5}},{"start":{},"end":{}}],"line":11},"2":{"loc":{"start":{"line":16,"column":37},"end":{"line":16,"column":44}},"type":"default-arg","locations":[{"start":{"line":16,"column":42},"end":{"line":16,"column":44}}],"line":16},"3":{"loc":{"start":{"line":20,"column":4},"end":{"line":22,"column":5}},"type":"if","locations":[{"start":{"line":20,"column":4},"end":{"line":22,"column":5}},{"start":{},"end":{}}],"line":20}},"s":{"0":3,"1":3,"2":0,"3":0,"4":0,"5":3,"6":2,"7":2,"8":1},"f":{"0":0,"1":2},"b":{"0":[0],"1":[0,0],"2":[0],"3":[1,1]},"inputSourceMap":null,"_coverageSchema":"1a1c01bbd47fc00a2c39e90264f33305004495a9","hash":"de1d1cc79f66b9845ad25a820e07019e9837c267"}
,"/home/jochydev/proyectos_de_estudio/API-parking/src/helpers/generateJWT.js": {"path":"/home/jochydev/proyectos_de_estudio/API-parking/src/helpers/generateJWT.js","statementMap":{"0":{"start":{"line":3,"column":20},"end":{"line":19,"column":1}},"1":{"start":{"line":5,"column":20},"end":{"line":5,"column":30}},"2":{"start":{"line":6,"column":4},"end":{"line":17,"column":6}},"3":{"start":{"line":8,"column":8},"end":{"line":16,"column":11}},"4":{"start":{"line":11,"column":12},"end":{"line":14,"column":13}},"5":{"start":{"line":12,"column":16},"end":{"line":12,"column":33}},"6":{"start":{"line":13,"column":16},"end":{"line":13,"column":49}},"7":{"start":{"line":15,"column":12},"end":{"line":15,"column":28}}},"fnMap":{"0":{"name":"(anonymous_0)","decl":{"start":{"line":3,"column":20},"end":{"line":3,"column":21}},"loc":{"start":{"line":3,"column":38},"end":{"line":19,"column":1}},"line":3},"1":{"name":"(anonymous_1)","decl":{"start":{"line":6,"column":23},"end":{"line":6,"column":24}},"loc":{"start":{"line":6,"column":45},"end":{"line":17,"column":5}},"line":6},"2":{"name":"(anonymous_2)","decl":{"start":{"line":10,"column":11},"end":{"line":10,"column":12}},"loc":{"start":{"line":10,"column":29},"end":{"line":16,"column":9}},"line":10}},"branchMap":{"0":{"loc":{"start":{"line":3,"column":22},"end":{"line":3,"column":33}},"type":"default-arg","locations":[{"start":{"line":3,"column":31},"end":{"line":3,"column":33}}],"line":3},"1":{"loc":{"start":{"line":11,"column":12},"end":{"line":14,"column":13}},"type":"if","locations":[{"start":{"line":11,"column":12},"end":{"line":14,"column":13}},{"start":{},"end":{}}],"line":11}},"s":{"0":3,"1":9,"2":9,"3":9,"4":9,"5":0,"6":0,"7":9},"f":{"0":9,"1":9,"2":9},"b":{"0":[0],"1":[0,9]},"inputSourceMap":null,"_coverageSchema":"1a1c01bbd47fc00a2c39e90264f33305004495a9","hash":"d11f9045b695286aa9b031bba5264ed16deedaf9"}
,"/home/jochydev/proyectos_de_estudio/API-parking/src/helpers/handleResponse.js": {"path":"/home/jochydev/proyectos_de_estudio/API-parking/src/helpers/handleResponse.js","statementMap":{"0":{"start":{"line":2,"column":21},"end":{"line":2,"column":34}},"1":{"start":{"line":3,"column":24},"end":{"line":3,"column":37}},"2":{"start":{"line":5,"column":4},"end":{"line":9,"column":6}},"3":{"start":{"line":13,"column":21},"end":{"line":13,"column":34}},"4":{"start":{"line":14,"column":24},"end":{"line":14,"column":58}},"5":{"start":{"line":16,"column":4},"end":{"line":20,"column":6}}},"fnMap":{"0":{"name":"success","decl":{"start":{"line":1,"column":16},"end":{"line":1,"column":23}},"loc":{"start":{"line":1,"column":45},"end":{"line":10,"column":1}},"line":1},"1":{"name":"error","decl":{"start":{"line":12,"column":16},"end":{"line":12,"column":21}},"loc":{"start":{"line":12,"column":43},"end":{"line":21,"column":1}},"line":12}},"branchMap":{"0":{"loc":{"start":{"line":2,"column":21},"end":{"line":2,"column":34}},"type":"binary-expr","locations":[{"start":{"line":2,"column":21},"end":{"line":2,"column":27}},{"start":{"line":2,"column":31},"end":{"line":2,"column":34}}],"line":2},"1":{"loc":{"start":{"line":3,"column":24},"end":{"line":3,"column":37}},"type":"binary-expr","locations":[{"start":{"line":3,"column":24},"end":{"line":3,"column":31}},{"start":{"line":3,"column":35},"end":{"line":3,"column":37}}],"line":3},"2":{"loc":{"start":{"line":13,"column":21},"end":{"line":13,"column":34}},"type":"binary-expr","locations":[{"start":{"line":13,"column":21},"end":{"line":13,"column":27}},{"start":{"line":13,"column":31},"end":{"line":13,"column":34}}],"line":13},"3":{"loc":{"start":{"line":14,"column":24},"end":{"line":14,"column":58}},"type":"binary-expr","locations":[{"start":{"line":14,"column":24},"end":{"line":14,"column":31}},{"start":{"line":14,"column":35},"end":{"line":14,"column":58}}],"line":14}},"s":{"0":4,"1":4,"2":4,"3":7,"4":7,"5":7},"f":{"0":4,"1":7},"b":{"0":[4,0],"1":[4,0],"2":[7,0],"3":[7,0]},"inputSourceMap":null,"_coverageSchema":"1a1c01bbd47fc00a2c39e90264f33305004495a9","hash":"acbf11d99835cfbbd566b89519ddc621a3e82fe6"}
,"/home/jochydev/proyectos_de_estudio/API-parking/src/helpers/logActivity.js": {"path":"/home/jochydev/proyectos_de_estudio/API-parking/src/helpers/logActivity.js","statementMap":{"0":{"start":{"line":3,"column":17},"end":{"line":3,"column":19}},"1":{"start":{"line":5,"column":27},"end":{"line":17,"column":1}},"2":{"start":{"line":7,"column":4},"end":{"line":15,"column":5}},"3":{"start":{"line":8,"column":20},"end":{"line":8,"column":54}},"4":{"start":{"line":10,"column":21},"end":{"line":10,"column":63}},"5":{"start":{"line":12,"column":8},"end":{"line":12,"column":81}},"6":{"start":{"line":14,"column":8},"end":{"line":14,"column":25}}},"fnMap":{"0":{"name":"(anonymous_0)","decl":{"start":{"line":5,"column":27},"end":{"line":5,"column":28}},"loc":{"start":{"line":5,"column":53},"end":{"line":17,"column":1}},"line":5}},"branchMap":{},"s":{"0":3,"1":3,"2":1,"3":1,"4":1,"5":1,"6":0},"f":{"0":1},"b":{},"inputSourceMap":null,"_coverageSchema":"1a1c01bbd47fc00a2c39e90264f33305004495a9","hash":"a2fe3b720a1af9e5a0097efe71734540de1d9d19"}
,"/home/jochydev/proyectos_de_estudio/API-parking/src/helpers/setNumOfSpot.js": {"path":"/home/jochydev/proyectos_de_estudio/API-parking/src/helpers/setNumOfSpot.js","statementMap":{"0":{"start":{"line":2,"column":17},"end":{"line":2,"column":19}},"1":{"start":{"line":4,"column":27},"end":{"line":25,"column":1}},"2":{"start":{"line":6,"column":21},"end":{"line":6,"column":50}},"3":{"start":{"line":8,"column":24},"end":{"line":8,"column":44}},"4":{"start":{"line":10,"column":4},"end":{"line":23,"column":5}},"5":{"start":{"line":11,"column":8},"end":{"line":22,"column":9}},"6":{"start":{"line":12,"column":33},"end":{"line":12,"column":35}},"7":{"start":{"line":13,"column":12},"end":{"line":17,"column":13}},"8":{"start":{"line":13,"column":25},"end":{"line":13,"column":26}},"9":{"start":{"line":14,"column":16},"end":{"line":16,"column":20}},"10":{"start":{"line":18,"column":26},"end":{"line":18,"column":57}},"11":{"start":{"line":19,"column":12},"end":{"line":19,"column":61}},"12":{"start":{"line":21,"column":12},"end":{"line":21,"column":29}}},"fnMap":{"0":{"name":"(anonymous_0)","decl":{"start":{"line":4,"column":27},"end":{"line":4,"column":28}},"loc":{"start":{"line":4,"column":38},"end":{"line":25,"column":1}},"line":4}},"branchMap":{"0":{"loc":{"start":{"line":6,"column":21},"end":{"line":6,"column":50}},"type":"binary-expr","locations":[{"start":{"line":6,"column":21},"end":{"line":6,"column":45}},{"start":{"line":6,"column":49},"end":{"line":6,"column":50}}],"line":6},"1":{"loc":{"start":{"line":10,"column":4},"end":{"line":23,"column":5}},"type":"if","locations":[{"start":{"line":10,"column":4},"end":{"line":23,"column":5}},{"start":{},"end":{}}],"line":10}},"s":{"0":3,"1":3,"2":11,"3":11,"4":11,"5":9,"6":9,"7":9,"8":9,"9":45,"10":9,"11":9,"12":0},"f":{"0":11},"b":{"0":[11,0],"1":[9,2]},"inputSourceMap":null,"_coverageSchema":"1a1c01bbd47fc00a2c39e90264f33305004495a9","hash":"a130f5087205efda34efc8d978533d758db22b06"}
,"/home/jochydev/proyectos_de_estudio/API-parking/src/middlewares/index.js": {"path":"/home/jochydev/proyectos_de_estudio/API-parking/src/middlewares/index.js","statementMap":{},"fnMap":{},"branchMap":{},"s":{},"f":{},"b":{},"inputSourceMap":null,"_coverageSchema":"1a1c01bbd47fc00a2c39e90264f33305004495a9","hash":"4c92a99a3f8eab1c39835f85a876cfa7a72ed788"}
,"/home/jochydev/proyectos_de_estudio/API-parking/src/middlewares/validateFields.js": {"path":"/home/jochydev/proyectos_de_estudio/API-parking/src/middlewares/validateFields.js","statementMap":{"0":{"start":{"line":5,"column":30},"end":{"line":15,"column":1}},"1":{"start":{"line":7,"column":19},"end":{"line":7,"column":40}},"2":{"start":{"line":9,"column":4},"end":{"line":11,"column":5}},"3":{"start":{"line":10,"column":6},"end":{"line":10,"column":37}},"4":{"start":{"line":13,"column":4},"end":{"line":13,"column":11}}},"fnMap":{"0":{"name":"(anonymous_0)","decl":{"start":{"line":5,"column":30},"end":{"line":5,"column":31}},"loc":{"start":{"line":5,"column":50},"end":{"line":15,"column":1}},"line":5}},"branchMap":{"0":{"loc":{"start":{"line":9,"column":4},"end":{"line":11,"column":5}},"type":"if","locations":[{"start":{"line":9,"column":4},"end":{"line":11,"column":5}},{"start":{},"end":{}}],"line":9}},"s":{"0":3,"1":10,"2":10,"3":2,"4":8},"f":{"0":10},"b":{"0":[2,8]},"inputSourceMap":null,"_coverageSchema":"1a1c01bbd47fc00a2c39e90264f33305004495a9","hash":"386dc58d0e0352f1e0b4f6630677435b36e2741e"}
,"/home/jochydev/proyectos_de_estudio/API-parking/src/middlewares/validateJWT.js": {"path":"/home/jochydev/proyectos_de_estudio/API-parking/src/middlewares/validateJWT.js","statementMap":{"0":{"start":{"line":4,"column":17},"end":{"line":4,"column":19}},"1":{"start":{"line":6,"column":27},"end":{"line":30,"column":1}},"2":{"start":{"line":8,"column":18},"end":{"line":8,"column":39}},"3":{"start":{"line":10,"column":4},"end":{"line":12,"column":5}},"4":{"start":{"line":11,"column":8},"end":{"line":11,"column":67}},"5":{"start":{"line":14,"column":4},"end":{"line":28,"column":5}},"6":{"start":{"line":15,"column":27},"end":{"line":15,"column":76}},"7":{"start":{"line":17,"column":21},"end":{"line":17,"column":48}},"8":{"start":{"line":19,"column":8},"end":{"line":21,"column":9}},"9":{"start":{"line":20,"column":12},"end":{"line":20,"column":60}},"10":{"start":{"line":23,"column":8},"end":{"line":23,"column":24}},"11":{"start":{"line":25,"column":8},"end":{"line":25,"column":15}},"12":{"start":{"line":27,"column":8},"end":{"line":27,"column":49}}},"fnMap":{"0":{"name":"(anonymous_0)","decl":{"start":{"line":6,"column":27},"end":{"line":6,"column":28}},"loc":{"start":{"line":6,"column":52},"end":{"line":30,"column":1}},"line":6}},"branchMap":{"0":{"loc":{"start":{"line":10,"column":4},"end":{"line":12,"column":5}},"type":"if","locations":[{"start":{"line":10,"column":4},"end":{"line":12,"column":5}},{"start":{},"end":{}}],"line":10},"1":{"loc":{"start":{"line":19,"column":8},"end":{"line":21,"column":9}},"type":"if","locations":[{"start":{"line":19,"column":8},"end":{"line":21,"column":9}},{"start":{},"end":{}}],"line":19}},"s":{"0":3,"1":3,"2":11,"3":11,"4":1,"5":10,"6":10,"7":10,"8":10,"9":0,"10":10,"11":10,"12":0},"f":{"0":11},"b":{"0":[1,10],"1":[0,10]},"inputSourceMap":null,"_coverageSchema":"1a1c01bbd47fc00a2c39e90264f33305004495a9","hash":"abdeb0d001cb3a670f3a42fed2c2b64be48de033"}
,"/home/jochydev/proyectos_de_estudio/API-parking/src/middlewares/validateOwner.js": {"path":"/home/jochydev/proyectos_de_estudio/API-parking/src/middlewares/validateOwner.js","statementMap":{"0":{"start":{"line":3,"column":30},"end":{"line":3,"column":32}},"1":{"start":{"line":6,"column":29},"end":{"line":19,"column":1}},"2":{"start":{"line":8,"column":27},"end":{"line":8,"column":35}},"3":{"start":{"line":9,"column":19},"end":{"line":9,"column":29}},"4":{"start":{"line":11,"column":17},"end":{"line":11,"column":44}},"5":{"start":{"line":12,"column":24},"end":{"line":12,"column":54}},"6":{"start":{"line":14,"column":4},"end":{"line":16,"column":5}},"7":{"start":{"line":15,"column":8},"end":{"line":15,"column":79}},"8":{"start":{"line":18,"column":4},"end":{"line":18,"column":11}}},"fnMap":{"0":{"name":"(anonymous_0)","decl":{"start":{"line":6,"column":29},"end":{"line":6,"column":30}},"loc":{"start":{"line":6,"column":55},"end":{"line":19,"column":1}},"line":6}},"branchMap":{"0":{"loc":{"start":{"line":14,"column":4},"end":{"line":16,"column":5}},"type":"if","locations":[{"start":{"line":14,"column":4},"end":{"line":16,"column":5}},{"start":{},"end":{}}],"line":14},"1":{"loc":{"start":{"line":14,"column":7},"end":{"line":14,"column":62}},"type":"binary-expr","locations":[{"start":{"line":14,"column":7},"end":{"line":14,"column":29}},{"start":{"line":14,"column":33},"end":{"line":14,"column":62}}],"line":14}},"s":{"0":3,"1":3,"2":0,"3":0,"4":0,"5":0,"6":0,"7":0,"8":0},"f":{"0":0},"b":{"0":[0,0],"1":[0,0]},"inputSourceMap":null,"_coverageSchema":"1a1c01bbd47fc00a2c39e90264f33305004495a9","hash":"5ffa0cb0aca977e1aacce3353cf45cea97bdb3fd"}
,"/home/jochydev/proyectos_de_estudio/API-parking/src/middlewares/validateRoles.js": {"path":"/home/jochydev/proyectos_de_estudio/API-parking/src/middlewares/validateRoles.js","statementMap":{"0":{"start":{"line":3,"column":23},"end":{"line":19,"column":1}},"1":{"start":{"line":5,"column":4},"end":{"line":17,"column":5}},"2":{"start":{"line":7,"column":8},"end":{"line":9,"column":9}},"3":{"start":{"line":8,"column":12},"end":{"line":8,"column":94}},"4":{"start":{"line":12,"column":8},"end":{"line":14,"column":9}},"5":{"start":{"line":13,"column":12},"end":{"line":13,"column":94}},"6":{"start":{"line":16,"column":8},"end":{"line":16,"column":15}}},"fnMap":{"0":{"name":"(anonymous_0)","decl":{"start":{"line":3,"column":23},"end":{"line":3,"column":24}},"loc":{"start":{"line":3,"column":37},"end":{"line":19,"column":1}},"line":3},"1":{"name":"(anonymous_1)","decl":{"start":{"line":5,"column":11},"end":{"line":5,"column":12}},"loc":{"start":{"line":5,"column":31},"end":{"line":17,"column":5}},"line":5}},"branchMap":{"0":{"loc":{"start":{"line":7,"column":8},"end":{"line":9,"column":9}},"type":"if","locations":[{"start":{"line":7,"column":8},"end":{"line":9,"column":9}},{"start":{},"end":{}}],"line":7},"1":{"loc":{"start":{"line":12,"column":8},"end":{"line":14,"column":9}},"type":"if","locations":[{"start":{"line":12,"column":8},"end":{"line":14,"column":9}},{"start":{},"end":{}}],"line":12}},"s":{"0":3,"1":18,"2":5,"3":0,"4":5,"5":0,"6":5},"f":{"0":18,"1":5},"b":{"0":[0,5],"1":[0,5]},"inputSourceMap":null,"_coverageSchema":"1a1c01bbd47fc00a2c39e90264f33305004495a9","hash":"b3566a54795f433423773dae7ebc8da24dbbbaa6"}
,"/home/jochydev/proyectos_de_estudio/API-parking/src/models/mongoose/log.model.js": {"path":"/home/jochydev/proyectos_de_estudio/API-parking/src/models/mongoose/log.model.js","statementMap":{"0":{"start":{"line":3,"column":18},"end":{"line":17,"column":2}},"1":{"start":{"line":19,"column":19},"end":{"line":19,"column":42}}},"fnMap":{},"branchMap":{},"s":{"0":3,"1":3},"f":{},"b":{},"inputSourceMap":null,"_coverageSchema":"1a1c01bbd47fc00a2c39e90264f33305004495a9","hash":"ea9ede7695729aaa9083175cf4f7e1afb5691133"}
,"/home/jochydev/proyectos_de_estudio/API-parking/src/models/sequelize/index.js": {"path":"/home/jochydev/proyectos_de_estudio/API-parking/src/models/sequelize/index.js","statementMap":{"0":{"start":{"line":5,"column":19},"end":{"line":5,"column":49}},"1":{"start":{"line":6,"column":18},"end":{"line":6,"column":37}},"2":{"start":{"line":7,"column":19},"end":{"line":7,"column":39}},"3":{"start":{"line":11,"column":12},"end":{"line":11,"column":49}},"4":{"start":{"line":12,"column":56},"end":{"line":12,"column":67}},"5":{"start":{"line":14,"column":18},"end":{"line":17,"column":2}},"6":{"start":{"line":19,"column":18},"end":{"line":19,"column":20}},"7":{"start":{"line":21,"column":14},"end":{"line":24,"column":4}},"8":{"start":{"line":23,"column":4},"end":{"line":23,"column":92}},"9":{"start":{"line":26,"column":0},"end":{"line":31,"column":1}},"10":{"start":{"line":27,"column":19},"end":{"line":27,"column":40}},"11":{"start":{"line":28,"column":26},"end":{"line":28,"column":48}},"12":{"start":{"line":29,"column":16},"end":{"line":29,"column":49}},"13":{"start":{"line":30,"column":2},"end":{"line":30,"column":25}},"14":{"start":{"line":33,"column":0},"end":{"line":37,"column":3}},"15":{"start":{"line":34,"column":2},"end":{"line":36,"column":3}},"16":{"start":{"line":35,"column":4},"end":{"line":35,"column":32}},"17":{"start":{"line":39,"column":0},"end":{"line":39,"column":25}},"18":{"start":{"line":40,"column":0},"end":{"line":40,"column":25}}},"fnMap":{"0":{"name":"(anonymous_0)","decl":{"start":{"line":22,"column":10},"end":{"line":22,"column":11}},"loc":{"start":{"line":22,"column":18},"end":{"line":24,"column":3}},"line":22},"1":{"name":"(anonymous_1)","decl":{"start":{"line":33,"column":24},"end":{"line":33,"column":25}},"loc":{"start":{"line":33,"column":37},"end":{"line":37,"column":1}},"line":33}},"branchMap":{"0":{"loc":{"start":{"line":11,"column":12},"end":{"line":11,"column":49}},"type":"binary-expr","locations":[{"start":{"line":11,"column":12},"end":{"line":11,"column":32}},{"start":{"line":11,"column":36},"end":{"line":11,"column":49}}],"line":11},"1":{"loc":{"start":{"line":23,"column":11},"end":{"line":23,"column":91}},"type":"binary-expr","locations":[{"start":{"line":23,"column":12},"end":{"line":23,"column":35}},{"start":{"line":23,"column":41},"end":{"line":23,"column":60}},{"start":{"line":23,"column":66},"end":{"line":23,"column":90}}],"line":23},"2":{"loc":{"start":{"line":34,"column":2},"end":{"line":36,"column":3}},"type":"if","locations":[{"start":{"line":34,"column":2},"end":{"line":36,"column":3}},{"start":{},"end":{}}],"line":34}},"s":{"0":3,"1":3,"2":3,"3":3,"4":3,"5":3,"6":3,"7":3,"8":12,"9":3,"10":9,"11":9,"12":9,"13":9,"14":3,"15":9,"16":9,"17":3,"18":3},"f":{"0":12,"1":9},"b":{"0":[3,0],"1":[12,12,9],"2":[9,0]},"inputSourceMap":null,"_coverageSchema":"1a1c01bbd47fc00a2c39e90264f33305004495a9","hash":"27585b64f6b7b5ca10d7d727a7979df4d2c7a73e"}
,"/home/jochydev/proyectos_de_estudio/API-parking/src/models/sequelize/reservation.model.js": {"path":"/home/jochydev/proyectos_de_estudio/API-parking/src/models/sequelize/reservation.model.js","statementMap":{"0":{"start":{"line":1,"column":27},"end":{"line":42,"column":1}},"1":{"start":{"line":6,"column":12},"end":{"line":6,"column":40}},"2":{"start":{"line":8,"column":12},"end":{"line":8,"column":40}},"3":{"start":{"line":12,"column":4},"end":{"line":39,"column":7}},"4":{"start":{"line":41,"column":4},"end":{"line":41,"column":23}}},"fnMap":{"0":{"name":"(anonymous_0)","decl":{"start":{"line":1,"column":27},"end":{"line":1,"column":28}},"loc":{"start":{"line":1,"column":62},"end":{"line":42,"column":1}},"line":1},"1":{"name":"(anonymous_1)","decl":{"start":{"line":3,"column":8},"end":{"line":3,"column":9}},"loc":{"start":{"line":3,"column":33},"end":{"line":9,"column":11}},"line":3}},"branchMap":{},"s":{"0":3,"1":3,"2":3,"3":3,"4":3},"f":{"0":3,"1":3},"b":{},"inputSourceMap":null,"_coverageSchema":"1a1c01bbd47fc00a2c39e90264f33305004495a9","hash":"b8381ea2204e28c1cae89086bbe74fc8ea311f3c"}
,"/home/jochydev/proyectos_de_estudio/API-parking/src/models/sequelize/spot.model.js": {"path":"/home/jochydev/proyectos_de_estudio/API-parking/src/models/sequelize/spot.model.js","statementMap":{"0":{"start":{"line":2,"column":27},"end":{"line":29,"column":1}},"1":{"start":{"line":7,"column":12},"end":{"line":7,"column":45}},"2":{"start":{"line":11,"column":4},"end":{"line":26,"column":7}},"3":{"start":{"line":28,"column":4},"end":{"line":28,"column":16}}},"fnMap":{"0":{"name":"(anonymous_0)","decl":{"start":{"line":2,"column":27},"end":{"line":2,"column":28}},"loc":{"start":{"line":2,"column":62},"end":{"line":29,"column":1}},"line":2},"1":{"name":"(anonymous_1)","decl":{"start":{"line":4,"column":8},"end":{"line":4,"column":9}},"loc":{"start":{"line":4,"column":33},"end":{"line":8,"column":9}},"line":4}},"branchMap":{},"s":{"0":3,"1":3,"2":3,"3":3},"f":{"0":3,"1":3},"b":{},"inputSourceMap":null,"_coverageSchema":"1a1c01bbd47fc00a2c39e90264f33305004495a9","hash":"ba3395b00de2c110fc1b74520f62441d5a877bc6"}
,"/home/jochydev/proyectos_de_estudio/API-parking/src/models/sequelize/user.model.js": {"path":"/home/jochydev/proyectos_de_estudio/API-parking/src/models/sequelize/user.model.js","statementMap":{"0":{"start":{"line":2,"column":27},"end":{"line":47,"column":1}},"1":{"start":{"line":7,"column":12},"end":{"line":7,"column":45}},"2":{"start":{"line":11,"column":4},"end":{"line":44,"column":7}},"3":{"start":{"line":46,"column":4},"end":{"line":46,"column":16}}},"fnMap":{"0":{"name":"(anonymous_0)","decl":{"start":{"line":2,"column":27},"end":{"line":2,"column":28}},"loc":{"start":{"line":2,"column":62},"end":{"line":47,"column":1}},"line":2},"1":{"name":"(anonymous_1)","decl":{"start":{"line":4,"column":8},"end":{"line":4,"column":9}},"loc":{"start":{"line":4,"column":33},"end":{"line":8,"column":9}},"line":4}},"branchMap":{},"s":{"0":3,"1":3,"2":3,"3":3},"f":{"0":3,"1":3},"b":{},"inputSourceMap":null,"_coverageSchema":"1a1c01bbd47fc00a2c39e90264f33305004495a9","hash":"49aeb6bef4b98902c2e2c1da41b33bc084a68526"}
,"/home/jochydev/proyectos_de_estudio/API-parking/src/routes/auth.routes.js": {"path":"/home/jochydev/proyectos_de_estudio/API-parking/src/routes/auth.routes.js","statementMap":{"0":{"start":{"line":4,"column":15},"end":{"line":4,"column":23}},"1":{"start":{"line":6,"column":0},"end":{"line":6,"column":29}}},"fnMap":{},"branchMap":{},"s":{"0":3,"1":3},"f":{},"b":{},"inputSourceMap":null,"_coverageSchema":"1a1c01bbd47fc00a2c39e90264f33305004495a9","hash":"ed1426110395514972dc2713febb378907eaf528"}
,"/home/jochydev/proyectos_de_estudio/API-parking/src/routes/index.js": {"path":"/home/jochydev/proyectos_de_estudio/API-parking/src/routes/index.js","statementMap":{},"fnMap":{},"branchMap":{},"s":{},"f":{},"b":{},"inputSourceMap":null,"_coverageSchema":"1a1c01bbd47fc00a2c39e90264f33305004495a9","hash":"7f06a8ed4a42dc6df9d15564afd978b6aa0acf92"}
,"/home/jochydev/proyectos_de_estudio/API-parking/src/routes/log.routes.js": {"path":"/home/jochydev/proyectos_de_estudio/API-parking/src/routes/log.routes.js","statementMap":{"0":{"start":{"line":7,"column":12},"end":{"line":7,"column":20}},"1":{"start":{"line":9,"column":0},"end":{"line":13,"column":19}}},"fnMap":{},"branchMap":{},"s":{"0":3,"1":3},"f":{},"b":{},"inputSourceMap":null,"_coverageSchema":"1a1c01bbd47fc00a2c39e90264f33305004495a9","hash":"48146a32f947bebda34584b2590d6ff44309653e"}
,"/home/jochydev/proyectos_de_estudio/API-parking/src/routes/reservation.routes.js": {"path":"/home/jochydev/proyectos_de_estudio/API-parking/src/routes/reservation.routes.js","statementMap":{"0":{"start":{"line":12,"column":15},"end":{"line":12,"column":23}},"1":{"start":{"line":14,"column":0},"end":{"line":18,"column":24}},"2":{"start":{"line":20,"column":0},"end":{"line":25,"column":22}},"3":{"start":{"line":27,"column":0},"end":{"line":31,"column":22}},"4":{"start":{"line":33,"column":0},"end":{"line":37,"column":15}}},"fnMap":{},"branchMap":{},"s":{"0":3,"1":3,"2":3,"3":3,"4":3},"f":{},"b":{},"inputSourceMap":null,"_coverageSchema":"1a1c01bbd47fc00a2c39e90264f33305004495a9","hash":"8f80c71c5ef0b80463b99b23cdd4b9efe1d08de3"}
,"/home/jochydev/proyectos_de_estudio/API-parking/src/routes/user.routes.js": {"path":"/home/jochydev/proyectos_de_estudio/API-parking/src/routes/user.routes.js","statementMap":{"0":{"start":{"line":7,"column":15},"end":{"line":7,"column":23}},"1":{"start":{"line":9,"column":0},"end":{"line":13,"column":13}},"2":{"start":{"line":15,"column":0},"end":{"line":23,"column":15}},"3":{"start":{"line":25,"column":0},"end":{"line":30,"column":15}},"4":{"start":{"line":32,"column":0},"end":{"line":36,"column":15}}},"fnMap":{},"branchMap":{},"s":{"0":3,"1":3,"2":3,"3":3,"4":3},"f":{},"b":{},"inputSourceMap":null,"_coverageSchema":"1a1c01bbd47fc00a2c39e90264f33305004495a9","hash":"2611bc18c4472c5df702a2198904734d0a7d7ee2"}
,"/home/jochydev/proyectos_de_estudio/API-parking/src/server/server.js": {"path":"/home/jochydev/proyectos_de_estudio/API-parking/src/server/server.js","statementMap":{"0":{"start":{"line":15,"column":8},"end":{"line":15,"column":29}},"1":{"start":{"line":16,"column":8},"end":{"line":16,"column":45}},"2":{"start":{"line":17,"column":8},"end":{"line":22,"column":9}},"3":{"start":{"line":25,"column":8},"end":{"line":25,"column":32}},"4":{"start":{"line":28,"column":8},"end":{"line":28,"column":32}},"5":{"start":{"line":31,"column":8},"end":{"line":31,"column":27}},"6":{"start":{"line":34,"column":8},"end":{"line":34,"column":22}},"7":{"start":{"line":37,"column":8},"end":{"line":37,"column":29}},"8":{"start":{"line":42,"column":8},"end":{"line":48,"column":11}},"9":{"start":{"line":44,"column":10},"end":{"line":44,"column":43}},"10":{"start":{"line":47,"column":10},"end":{"line":47,"column":59}},"11":{"start":{"line":52,"column":8},"end":{"line":52,"column":33}},"12":{"start":{"line":57,"column":8},"end":{"line":57,"column":29}},"13":{"start":{"line":59,"column":8},"end":{"line":59,"column":37}},"14":{"start":{"line":62,"column":8},"end":{"line":62,"column":50}},"15":{"start":{"line":63,"column":8},"end":{"line":63,"column":50}},"16":{"start":{"line":64,"column":8},"end":{"line":64,"column":65}},"17":{"start":{"line":65,"column":8},"end":{"line":65,"column":51}},"18":{"start":{"line":69,"column":8},"end":{"line":69,"column":28}},"19":{"start":{"line":73,"column":8},"end":{"line":75,"column":10}},"20":{"start":{"line":74,"column":12},"end":{"line":74,"column":67}}},"fnMap":{"0":{"name":"(anonymous_0)","decl":{"start":{"line":14,"column":4},"end":{"line":14,"column":5}},"loc":{"start":{"line":14,"column":17},"end":{"line":39,"column":5}},"line":14},"1":{"name":"(anonymous_1)","decl":{"start":{"line":41,"column":4},"end":{"line":41,"column":5}},"loc":{"start":{"line":41,"column":28},"end":{"line":49,"column":5}},"line":41},"2":{"name":"(anonymous_2)","decl":{"start":{"line":43,"column":14},"end":{"line":43,"column":15}},"loc":{"start":{"line":43,"column":20},"end":{"line":45,"column":9}},"line":43},"3":{"name":"(anonymous_3)","decl":{"start":{"line":46,"column":15},"end":{"line":46,"column":16}},"loc":{"start":{"line":46,"column":24},"end":{"line":48,"column":9}},"line":46},"4":{"name":"(anonymous_4)","decl":{"start":{"line":51,"column":4},"end":{"line":51,"column":5}},"loc":{"start":{"line":51,"column":28},"end":{"line":53,"column":5}},"line":51},"5":{"name":"(anonymous_5)","decl":{"start":{"line":55,"column":4},"end":{"line":55,"column":5}},"loc":{"start":{"line":55,"column":17},"end":{"line":60,"column":5}},"line":55},"6":{"name":"(anonymous_6)","decl":{"start":{"line":61,"column":4},"end":{"line":61,"column":5}},"loc":{"start":{"line":61,"column":12},"end":{"line":66,"column":5}},"line":61},"7":{"name":"(anonymous_7)","decl":{"start":{"line":68,"column":4},"end":{"line":68,"column":5}},"loc":{"start":{"line":68,"column":25},"end":{"line":70,"column":5}},"line":68},"8":{"name":"(anonymous_8)","decl":{"start":{"line":72,"column":4},"end":{"line":72,"column":5}},"loc":{"start":{"line":72,"column":12},"end":{"line":76,"column":5}},"line":72},"9":{"name":"(anonymous_9)","decl":{"start":{"line":73,"column":37},"end":{"line":73,"column":38}},"loc":{"start":{"line":73,"column":42},"end":{"line":75,"column":9}},"line":73}},"branchMap":{"0":{"loc":{"start":{"line":16,"column":20},"end":{"line":16,"column":44}},"type":"binary-expr","locations":[{"start":{"line":16,"column":20},"end":{"line":16,"column":36}},{"start":{"line":16,"column":40},"end":{"line":16,"column":44}}],"line":16}},"s":{"0":3,"1":3,"2":3,"3":3,"4":3,"5":3,"6":3,"7":3,"8":3,"9":0,"10":3,"11":3,"12":3,"13":3,"14":3,"15":3,"16":3,"17":3,"18":3,"19":0,"20":0},"f":{"0":3,"1":3,"2":0,"3":3,"4":3,"5":3,"6":3,"7":3,"8":0,"9":0},"b":{"0":[3,0]},"inputSourceMap":null,"_coverageSchema":"1a1c01bbd47fc00a2c39e90264f33305004495a9","hash":"30af61c08c1a84d2c3e770bf9ad836ef23a3ca9e"}
}
