TN:
SF:src/config/db.config.js
FNF:0
FNH:0
DA:1,3
LF:1
LH:1
BRF:0
BRH:0
end_of_record
TN:
SF:src/config/mongodb.config.js
FN:3,(anonymous_0)
FNF:1
FNH:1
FNDA:3,(anonymous_0)
DA:3,3
DA:4,3
DA:5,3
DA:6,3
DA:9,0
DA:10,0
LF:6
LH:4
BRDA:5,0,0,3
BRDA:5,0,1,0
BRF:2
BRH:1
end_of_record
TN:
SF:src/controllers/auth.controller.js
FN:8,(anonymous_0)
FNF:1
FNH:0
FNDA:0,(anonymous_0)
DA:6,3
DA:8,3
DA:10,0
DA:12,0
DA:15,0
DA:19,0
DA:20,0
DA:23,0
DA:26,0
DA:27,0
DA:31,0
DA:33,0
DA:36,0
LF:13
LH:2
BRDA:19,0,0,0
BRDA:19,0,1,0
BRDA:26,1,0,0
BRDA:26,1,1,0
BRF:4
BRH:0
end_of_record
TN:
SF:src/controllers/index.js
FNF:0
FNH:0
LF:0
LH:0
BRF:0
BRH:0
end_of_record
TN:
SF:src/controllers/log.controller.js
FN:4,(anonymous_0)
FNF:1
FNH:1
FNDA:2,(anonymous_0)
DA:4,3
DA:6,2
DA:8,2
DA:9,2
DA:15,1
DA:17,1
LF:6
LH:6
BRDA:6,0,0,2
BRDA:6,1,0,1
BRF:2
BRH:2
end_of_record
TN:
SF:src/controllers/reservation.controller.js
FN:7,(anonymous_0)
FN:75,(anonymous_1)
FN:116,(anonymous_2)
FN:144,(anonymous_3)
FNF:4
FNH:2
FNDA:4,(anonymous_0)
FNDA:0,(anonymous_1)
FNDA:0,(anonymous_2)
FNDA:1,(anonymous_3)
DA:5,3
DA:7,3
DA:9,4
DA:10,4
DA:12,4
DA:13,1
DA:16,3
DA:17,1
DA:21,2
DA:22,2
DA:24,2
DA:25,6
DA:29,6
DA:31,6
DA:47,6
DA:48,5
DA:49,5
DA:52,1
DA:55,2
DA:56,1
DA:59,1
DA:60,1
DA:68,1
DA:69,1
DA:71,0
DA:75,3
DA:77,0
DA:78,0
DA:81,0
DA:93,0
DA:94,0
DA:96,0
DA:98,0
DA:99,0
DA:103,0
DA:105,0
DA:107,0
DA:108,0
DA:109,0
DA:110,0
DA:112,0
DA:116,3
DA:118,0
DA:119,0
DA:121,0
DA:123,0
DA:124,0
DA:127,0
DA:128,0
DA:131,0
DA:133,0
DA:135,0
DA:136,0
DA:137,0
DA:140,0
DA:144,3
DA:146,1
DA:148,1
DA:149,1
DA:165,1
DA:172,1
DA:174,0
LF:62
LH:32
BRDA:12,0,0,1
BRDA:12,0,1,3
BRDA:16,1,0,1
BRDA:16,1,1,2
BRDA:47,2,0,5
BRDA:47,2,1,1
BRDA:55,3,0,1
BRDA:55,3,1,1
BRDA:93,4,0,0
BRDA:93,4,1,0
BRDA:98,5,0,0
BRDA:98,5,1,0
BRDA:123,6,0,0
BRDA:123,6,1,0
BRDA:127,7,0,0
BRDA:127,7,1,0
BRF:16
BRH:8
end_of_record
TN:
SF:src/controllers/user.controller.js
FN:7,(anonymous_0)
FN:24,(anonymous_1)
FN:48,(anonymous_2)
FN:67,(anonymous_3)
FNF:4
FNH:1
FNDA:0,(anonymous_0)
FNDA:0,(anonymous_1)
FNDA:1,(anonymous_2)
FNDA:0,(anonymous_3)
DA:5,3
DA:7,3
DA:9,0
DA:11,0
DA:12,0
DA:18,0
DA:20,0
DA:24,3
DA:26,0
DA:29,0
DA:30,0
DA:32,0
DA:39,0
DA:40,0
DA:41,0
DA:43,0
DA:48,3
DA:50,1
DA:52,1
DA:54,1
DA:55,1
DA:58,1
DA:59,1
DA:62,0
DA:67,3
DA:69,0
DA:72,0
DA:73,0
DA:74,0
DA:75,0
DA:77,0
DA:80,0
LF:32
LH:11
BRDA:9,0,0,0
BRDA:9,1,0,0
BRDA:74,2,0,0
BRDA:74,2,1,0
BRF:4
BRH:0
end_of_record
TN:
SF:src/helpers/db-validators.js
FN:4,(anonymous_0)
FN:16,(anonymous_1)
FNF:2
FNH:1
FNDA:0,(anonymous_0)
FNDA:2,(anonymous_1)
DA:2,3
DA:4,3
DA:7,0
DA:11,0
DA:12,0
DA:16,3
DA:18,2
DA:20,2
DA:21,1
LF:9
LH:6
BRDA:4,0,0,0
BRDA:11,1,0,0
BRDA:11,1,1,0
BRDA:16,2,0,0
BRDA:20,3,0,1
BRDA:20,3,1,1
BRF:6
BRH:2
end_of_record
TN:
SF:src/helpers/generateJWT.js
FN:3,(anonymous_0)
FN:6,(anonymous_1)
FN:10,(anonymous_2)
FNF:3
FNH:3
FNDA:9,(anonymous_0)
FNDA:9,(anonymous_1)
FNDA:9,(anonymous_2)
DA:3,3
DA:5,9
DA:6,9
DA:8,9
DA:11,9
DA:12,0
DA:13,0
DA:15,9
LF:8
LH:6
BRDA:3,0,0,0
BRDA:11,1,0,0
BRDA:11,1,1,9
BRF:3
BRH:1
end_of_record
TN:
SF:src/helpers/handleResponse.js
FN:1,success
FN:12,error
FNF:2
FNH:2
FNDA:4,success
FNDA:7,error
DA:2,4
DA:3,4
DA:5,4
DA:13,7
DA:14,7
DA:16,7
LF:6
LH:6
BRDA:2,0,0,4
BRDA:2,0,1,0
BRDA:3,1,0,4
BRDA:3,1,1,0
BRDA:13,2,0,7
BRDA:13,2,1,0
BRDA:14,3,0,7
BRDA:14,3,1,0
BRF:8
BRH:4
end_of_record
TN:
SF:src/helpers/logActivity.js
FN:5,(anonymous_0)
FNF:1
FNH:1
FNDA:1,(anonymous_0)
DA:3,3
DA:5,3
DA:7,1
DA:8,1
DA:10,1
DA:12,1
DA:14,0
LF:7
LH:6
BRF:0
BRH:0
end_of_record
TN:
SF:src/helpers/setNumOfSpot.js
FN:4,(anonymous_0)
FNF:1
FNH:1
FNDA:11,(anonymous_0)
DA:2,3
DA:4,3
DA:6,11
DA:8,11
DA:10,11
DA:11,9
DA:12,9
DA:13,9
DA:14,45
DA:18,9
DA:19,9
DA:21,0
LF:12
LH:11
BRDA:6,0,0,11
BRDA:6,0,1,0
BRDA:10,1,0,9
BRDA:10,1,1,2
BRF:4
BRH:3
end_of_record
TN:
SF:src/middlewares/index.js
FNF:0
FNH:0
LF:0
LH:0
BRF:0
BRH:0
end_of_record
TN:
SF:src/middlewares/validateFields.js
FN:5,(anonymous_0)
FNF:1
FNH:1
FNDA:10,(anonymous_0)
DA:5,3
DA:7,10
DA:9,10
DA:10,2
DA:13,8
LF:5
LH:5
BRDA:9,0,0,2
BRDA:9,0,1,8
BRF:2
BRH:2
end_of_record
TN:
SF:src/middlewares/validateJWT.js
FN:6,(anonymous_0)
FNF:1
FNH:1
FNDA:11,(anonymous_0)
DA:4,3
DA:6,3
DA:8,11
DA:10,11
DA:11,1
DA:14,10
DA:15,10
DA:17,10
DA:19,10
DA:20,0
DA:23,10
DA:25,10
DA:27,0
LF:13
LH:11
BRDA:10,0,0,1
BRDA:10,0,1,10
BRDA:19,1,0,0
BRDA:19,1,1,10
BRF:4
BRH:3
end_of_record
TN:
SF:src/middlewares/validateOwner.js
FN:6,(anonymous_0)
FNF:1
FNH:0
FNDA:0,(anonymous_0)
DA:3,3
DA:6,3
DA:8,0
DA:9,0
DA:11,0
DA:12,0
DA:14,0
DA:15,0
DA:18,0
LF:9
LH:2
BRDA:14,0,0,0
BRDA:14,0,1,0
BRDA:14,1,0,0
BRDA:14,1,1,0
BRF:4
BRH:0
end_of_record
TN:
SF:src/middlewares/validateRoles.js
FN:3,(anonymous_0)
FN:5,(anonymous_1)
FNF:2
FNH:2
FNDA:18,(anonymous_0)
FNDA:5,(anonymous_1)
DA:3,3
DA:5,18
DA:7,5
DA:8,0
DA:12,5
DA:13,0
DA:16,5
LF:7
LH:5
BRDA:7,0,0,0
BRDA:7,0,1,5
BRDA:12,1,0,0
BRDA:12,1,1,5
BRF:4
BRH:2
end_of_record
TN:
SF:src/models/mongoose/log.model.js
FNF:0
FNH:0
DA:3,3
DA:19,3
LF:2
LH:2
BRF:0
BRH:0
end_of_record
TN:
SF:src/models/sequelize/index.js
FN:22,(anonymous_0)
FN:33,(anonymous_1)
FNF:2
FNH:2
FNDA:12,(anonymous_0)
FNDA:9,(anonymous_1)
DA:5,3
DA:6,3
DA:7,3
DA:11,3
DA:12,3
DA:14,3
DA:19,3
DA:21,3
DA:23,12
DA:26,3
DA:27,9
DA:28,9
DA:29,9
DA:30,9
DA:33,3
DA:34,9
DA:35,9
DA:39,3
DA:40,3
LF:19
LH:19
BRDA:11,0,0,3
BRDA:11,0,1,0
BRDA:23,1,0,12
BRDA:23,1,1,12
BRDA:23,1,2,9
BRDA:34,2,0,9
BRDA:34,2,1,0
BRF:7
BRH:5
end_of_record
TN:
SF:src/models/sequelize/reservation.model.js
FN:1,(anonymous_0)
FN:3,(anonymous_1)
FNF:2
FNH:2
FNDA:3,(anonymous_0)
FNDA:3,(anonymous_1)
DA:1,3
DA:6,3
DA:8,3
DA:12,3
DA:41,3
LF:5
LH:5
BRF:0
BRH:0
end_of_record
TN:
SF:src/models/sequelize/spot.model.js
FN:2,(anonymous_0)
FN:4,(anonymous_1)
FNF:2
FNH:2
FNDA:3,(anonymous_0)
FNDA:3,(anonymous_1)
DA:2,3
DA:7,3
DA:11,3
DA:28,3
LF:4
LH:4
BRF:0
BRH:0
end_of_record
TN:
SF:src/models/sequelize/user.model.js
FN:2,(anonymous_0)
FN:4,(anonymous_1)
FNF:2
FNH:2
FNDA:3,(anonymous_0)
FNDA:3,(anonymous_1)
DA:2,3
DA:7,3
DA:11,3
DA:46,3
LF:4
LH:4
BRF:0
BRH:0
end_of_record
TN:
SF:src/routes/auth.routes.js
FNF:0
FNH:0
DA:4,3
DA:6,3
LF:2
LH:2
BRF:0
BRH:0
end_of_record
TN:
SF:src/routes/index.js
FNF:0
FNH:0
LF:0
LH:0
BRF:0
BRH:0
end_of_record
TN:
SF:src/routes/log.routes.js
FNF:0
FNH:0
DA:7,3
DA:9,3
LF:2
LH:2
BRF:0
BRH:0
end_of_record
TN:
SF:src/routes/reservation.routes.js
FNF:0
FNH:0
DA:12,3
DA:14,3
DA:20,3
DA:27,3
DA:33,3
LF:5
LH:5
BRF:0
BRH:0
end_of_record
TN:
SF:src/routes/user.routes.js
FNF:0
FNH:0
DA:7,3
DA:9,3
DA:15,3
DA:25,3
DA:32,3
LF:5
LH:5
BRF:0
BRH:0
end_of_record
TN:
SF:src/server/server.js
FN:14,(anonymous_0)
FN:41,(anonymous_1)
FN:43,(anonymous_2)
FN:46,(anonymous_3)
FN:51,(anonymous_4)
FN:55,(anonymous_5)
FN:61,(anonymous_6)
FN:68,(anonymous_7)
FN:72,(anonymous_8)
FN:73,(anonymous_9)
FNF:10
FNH:7
FNDA:3,(anonymous_0)
FNDA:3,(anonymous_1)
FNDA:0,(anonymous_2)
FNDA:3,(anonymous_3)
FNDA:3,(anonymous_4)
FNDA:3,(anonymous_5)
FNDA:3,(anonymous_6)
FNDA:3,(anonymous_7)
FNDA:0,(anonymous_8)
FNDA:0,(anonymous_9)
DA:15,3
DA:16,3
DA:17,3
DA:25,3
DA:28,3
DA:31,3
DA:34,3
DA:37,3
DA:42,3
DA:44,0
DA:47,3
DA:52,3
DA:57,3
DA:59,3
DA:62,3
DA:63,3
DA:64,3
DA:65,3
DA:69,3
DA:73,0
DA:74,0
LF:21
LH:18
BRDA:16,0,0,3
BRDA:16,0,1,0
BRF:2
BRH:1
end_of_record
